2025-10-06 13:20:39,580 INFO     Attempting to change to directory: /home/doduy/Desktop/bytehome_Code/emily_voice/rasa/actions/rasa/cache
2025-10-06 13:20:39,580 INFO     Cache directory does not exist, creating: /home/doduy/Desktop/bytehome_Code/emily_voice/rasa/actions/rasa/cache
2025-10-06 13:20:39,580 INFO     Current working directory: /home/doduy/Desktop/bytehome_Code/emily_voice/rasa/actions/rasa/cache
2025-10-06 13:20:39,580 INFO     Checking if port 8486 is available
2025-10-06 13:20:39,581 INFO     Starting audio server on port 8486 with CacheFileHandler
2025-10-06 13:20:39,581 INFO     Started audio server on port 8486
2025-10-06 13:20:40,582 INFO     Server is listening on port 8486
2025-10-06 13:20:48,426 INFO     Calling Vbee TTS API with text: Xin chào, tôi là Emily, tôi rất vui được làm quen và hỗ trợ bạn
2025-10-06 13:20:55,976 INFO     Cached audio for text: Xin chào, tôi là Emily, tôi rất vui được làm quen và hỗ trợ bạn
2025-10-06 13:21:06,419 INFO     Calling Vbee TTS API with text: Vui lòng cho tôi biết tên của bạn.
2025-10-06 13:21:12,078 INFO     Cached audio for text: Vui lòng cho tôi biết tên của bạn.
2025-10-06 13:21:18,088 INFO     Calling Vbee TTS API with text: Xin chào Duy, tôi ở đây là để giúp đỡ bạn, tôi có thể hỗ trợ điều khiển các thiết bị điện tử, tôi có thể tìm kiếm thông tin tại cửa hàng. Ngoài ra tôi có thể làm sách nói, tư vấn trò chuyện với bạn, dẫn đường hoặc vận chuyển đồ đạc cho bạn. Vậy tôi có thể giúp gì được cho bạn? Hãy cứ nói nhé
2025-10-06 13:21:27,951 INFO     Cached audio for text: Xin chào Duy, tôi ở đây là để giúp đỡ bạn, tôi có thể hỗ trợ điều khiển các thiết bị điện tử, tôi có thể tìm kiếm thông tin tại cửa hàng. Ngoài ra tôi có thể làm sách nói, tư vấn trò chuyện với bạn, dẫn đường hoặc vận chuyển đồ đạc cho bạn. Vậy tôi có thể giúp gì được cho bạn? Hãy cứ nói nhé
2025-10-06 13:21:38,877 INFO     Attempting to login...
2025-10-06 13:21:39,074 INFO     Login successful
2025-10-06 13:21:39,074 INFO     Fetching house info...
2025-10-06 13:21:39,087 INFO     Found house: 01857c80-5d69-11f0-9fdb-6b33db69077c
2025-10-06 13:21:39,087 INFO     Fetching rooms for house 01857c80-5d69-11f0-9fdb-6b33db69077c...
2025-10-06 13:21:39,114 INFO     Found rooms: ['Phòng khách', 'Phòng bếp', 'Phòng ngủ']
2025-10-06 13:21:39,115 INFO     Calling Vbee TTS API with text: Có 3 phòng: Phòng khách, Phòng bếp, Phòng ngủ
2025-10-06 13:21:45,468 INFO     Cached audio for text: Có 3 phòng: Phòng khách, Phòng bếp, Phòng ngủ
2025-10-06 13:21:50,410 INFO     Returning cached audio URL for text: Xin chào, tôi là Emily, tôi rất vui được làm quen và hỗ trợ bạn
2025-10-06 13:22:06,707 INFO     Attempting to login...
2025-10-06 13:22:06,876 INFO     Login successful
2025-10-06 13:22:06,876 INFO     Fetching house info...
2025-10-06 13:22:06,881 INFO     Found house: 01857c80-5d69-11f0-9fdb-6b33db69077c
2025-10-06 13:22:06,882 INFO     Fetching room ID for room phòng khách in house 01857c80-5d69-11f0-9fdb-6b33db69077c...
2025-10-06 13:22:06,894 INFO     Raw rooms response: [{'from': {'entityType': 'ASSET', 'id': '01857c80-5d69-11f0-9fdb-6b33db69077c'}, 'to': {'entityType': 'ASSET', 'id': '7e8b4110-5d69-11f0-9fdb-6b33db69077c'}, 'type': 'Contains', 'typeGroup': 'COMMON', 'version': 522, 'fromName': None, 'toName': 'Phòng khách', 'additionalInfo': None}, {'from': {'entityType': 'ASSET', 'id': '01857c80-5d69-11f0-9fdb-6b33db69077c'}, 'to': {'entityType': 'ASSET', 'id': 'f378a5a0-67e4-11f0-9eb7-cf3e056d8392'}, 'type': 'Contains', 'typeGroup': 'COMMON', 'version': 665, 'fromName': None, 'toName': 'Phòng bếp', 'additionalInfo': None}, {'from': {'entityType': 'ASSET', 'id': '01857c80-5d69-11f0-9fdb-6b33db69077c'}, 'to': {'entityType': 'ASSET', 'id': '21486650-67e5-11f0-9eb7-cf3e056d8392'}, 'type': 'Contains', 'typeGroup': 'COMMON', 'version': 666, 'fromName': None, 'toName': 'Phòng ngủ', 'additionalInfo': None}]
2025-10-06 13:22:06,894 INFO     Found room ID: 7e8b4110-5d69-11f0-9fdb-6b33db69077c for room phòng khách
2025-10-06 13:22:06,894 INFO     Fetching devices for room 7e8b4110-5d69-11f0-9fdb-6b33db69077c...
2025-10-06 13:22:06,917 INFO     Found devices: ['công tắc 4 nút', 'đèn led', 'quạt trần', 'đèn trần to', 'đèn trần nhỏ']
2025-10-06 13:22:06,917 INFO     Calling Vbee TTS API with text: Có 5 thiết bị trong phòng khách là: công tắc 4 nút, đèn led, quạt trần, đèn trần to, đèn trần nhỏ, bạn có cần hỗ trợ thêm không ?
2025-10-06 13:22:16,312 INFO     Cached audio for text: Có 5 thiết bị trong phòng khách là: công tắc 4 nút, đèn led, quạt trần, đèn trần to, đèn trần nhỏ, bạn có cần hỗ trợ thêm không ?
2025-10-06 13:22:31,295 INFO     Attempting to login...
2025-10-06 13:22:31,443 INFO     Login successful
2025-10-06 13:22:31,443 INFO     Fetching house info...
2025-10-06 13:22:31,461 INFO     Found house: 01857c80-5d69-11f0-9fdb-6b33db69077c
2025-10-06 13:22:31,461 INFO     Fetching room ID for room phòng khách in house 01857c80-5d69-11f0-9fdb-6b33db69077c...
2025-10-06 13:22:31,478 INFO     Raw rooms response: [{'from': {'entityType': 'ASSET', 'id': '01857c80-5d69-11f0-9fdb-6b33db69077c'}, 'to': {'entityType': 'ASSET', 'id': '7e8b4110-5d69-11f0-9fdb-6b33db69077c'}, 'type': 'Contains', 'typeGroup': 'COMMON', 'version': 522, 'fromName': None, 'toName': 'Phòng khách', 'additionalInfo': None}, {'from': {'entityType': 'ASSET', 'id': '01857c80-5d69-11f0-9fdb-6b33db69077c'}, 'to': {'entityType': 'ASSET', 'id': 'f378a5a0-67e4-11f0-9eb7-cf3e056d8392'}, 'type': 'Contains', 'typeGroup': 'COMMON', 'version': 665, 'fromName': None, 'toName': 'Phòng bếp', 'additionalInfo': None}, {'from': {'entityType': 'ASSET', 'id': '01857c80-5d69-11f0-9fdb-6b33db69077c'}, 'to': {'entityType': 'ASSET', 'id': '21486650-67e5-11f0-9eb7-cf3e056d8392'}, 'type': 'Contains', 'typeGroup': 'COMMON', 'version': 666, 'fromName': None, 'toName': 'Phòng ngủ', 'additionalInfo': None}]
2025-10-06 13:22:31,478 INFO     Found room ID: 7e8b4110-5d69-11f0-9fdb-6b33db69077c for room phòng khách
2025-10-06 13:22:31,478 INFO     Fetching device ID for device đèn trần nhỏ in room 7e8b4110-5d69-11f0-9fdb-6b33db69077c...
2025-10-06 13:22:31,494 INFO     Raw devices response: [{'from': {'entityType': 'ASSET', 'id': '7e8b4110-5d69-11f0-9fdb-6b33db69077c'}, 'to': {'entityType': 'DEVICE', 'id': '82aee140-951b-11f0-a2ce-9b3aa75b4ae1'}, 'type': 'Contains', 'typeGroup': 'COMMON', 'version': 855, 'fromName': None, 'toName': 'công tắc 4 nút', 'additionalInfo': None}, {'from': {'entityType': 'ASSET', 'id': '7e8b4110-5d69-11f0-9fdb-6b33db69077c'}, 'to': {'entityType': 'DEVICE', 'id': '6843faa0-953b-11f0-a2ce-9b3aa75b4ae1'}, 'type': 'Contains', 'typeGroup': 'COMMON', 'version': 872, 'fromName': None, 'toName': 'đèn led', 'additionalInfo': None}, {'from': {'entityType': 'ASSET', 'id': '7e8b4110-5d69-11f0-9fdb-6b33db69077c'}, 'to': {'entityType': 'DEVICE', 'id': 'c5a6f520-9834-11f0-a2ce-9b3aa75b4ae1'}, 'type': 'Contains', 'typeGroup': 'COMMON', 'version': 876, 'fromName': None, 'toName': 'quạt trần', 'additionalInfo': None}, {'from': {'entityType': 'ASSET', 'id': '7e8b4110-5d69-11f0-9fdb-6b33db69077c'}, 'to': {'entityType': 'DEVICE', 'id': 'd37df870-984c-11f0-a2ce-9b3aa75b4ae1'}, 'type': 'Contains', 'typeGroup': 'COMMON', 'version': 882, 'fromName': None, 'toName': 'đèn trần to', 'additionalInfo': None}, {'from': {'entityType': 'ASSET', 'id': '7e8b4110-5d69-11f0-9fdb-6b33db69077c'}, 'to': {'entityType': 'DEVICE', 'id': 'a01f8790-984d-11f0-a2ce-9b3aa75b4ae1'}, 'type': 'Contains', 'typeGroup': 'COMMON', 'version': 884, 'fromName': None, 'toName': 'đèn trần nhỏ', 'additionalInfo': None}]
2025-10-06 13:22:31,494 INFO     Found device ID: a01f8790-984d-11f0-a2ce-9b3aa75b4ae1 for device đèn trần nhỏ
2025-10-06 13:22:42,505 INFO     Calling Vbee TTS API with text: Thiết bị đang không cắm nguồn điện, hoặc lỗi, hãy kiểm tra lại thiết bị
2025-10-06 13:22:50,261 INFO     Cached audio for text: Thiết bị đang không cắm nguồn điện, hoặc lỗi, hãy kiểm tra lại thiết bị
2025-10-06 13:25:13,512 INFO     Fetching house info...
2025-10-06 13:25:13,523 INFO     Found house: 01857c80-5d69-11f0-9fdb-6b33db69077c
2025-10-06 13:25:13,523 INFO     Fetching room ID for room phòng khách in house 01857c80-5d69-11f0-9fdb-6b33db69077c...
2025-10-06 13:25:13,556 INFO     Raw rooms response: [{'from': {'entityType': 'ASSET', 'id': '01857c80-5d69-11f0-9fdb-6b33db69077c'}, 'to': {'entityType': 'ASSET', 'id': '7e8b4110-5d69-11f0-9fdb-6b33db69077c'}, 'type': 'Contains', 'typeGroup': 'COMMON', 'version': 522, 'fromName': None, 'toName': 'Phòng khách', 'additionalInfo': None}, {'from': {'entityType': 'ASSET', 'id': '01857c80-5d69-11f0-9fdb-6b33db69077c'}, 'to': {'entityType': 'ASSET', 'id': 'f378a5a0-67e4-11f0-9eb7-cf3e056d8392'}, 'type': 'Contains', 'typeGroup': 'COMMON', 'version': 665, 'fromName': None, 'toName': 'Phòng bếp', 'additionalInfo': None}, {'from': {'entityType': 'ASSET', 'id': '01857c80-5d69-11f0-9fdb-6b33db69077c'}, 'to': {'entityType': 'ASSET', 'id': '21486650-67e5-11f0-9eb7-cf3e056d8392'}, 'type': 'Contains', 'typeGroup': 'COMMON', 'version': 666, 'fromName': None, 'toName': 'Phòng ngủ', 'additionalInfo': None}]
2025-10-06 13:25:13,556 INFO     Found room ID: 7e8b4110-5d69-11f0-9fdb-6b33db69077c for room phòng khách
2025-10-06 13:25:13,556 INFO     Fetching device ID for device đèn trần nhỏ in room 7e8b4110-5d69-11f0-9fdb-6b33db69077c...
2025-10-06 13:25:13,573 INFO     Raw devices response: [{'from': {'entityType': 'ASSET', 'id': '7e8b4110-5d69-11f0-9fdb-6b33db69077c'}, 'to': {'entityType': 'DEVICE', 'id': '82aee140-951b-11f0-a2ce-9b3aa75b4ae1'}, 'type': 'Contains', 'typeGroup': 'COMMON', 'version': 855, 'fromName': None, 'toName': 'công tắc 4 nút', 'additionalInfo': None}, {'from': {'entityType': 'ASSET', 'id': '7e8b4110-5d69-11f0-9fdb-6b33db69077c'}, 'to': {'entityType': 'DEVICE', 'id': '6843faa0-953b-11f0-a2ce-9b3aa75b4ae1'}, 'type': 'Contains', 'typeGroup': 'COMMON', 'version': 872, 'fromName': None, 'toName': 'đèn led', 'additionalInfo': None}, {'from': {'entityType': 'ASSET', 'id': '7e8b4110-5d69-11f0-9fdb-6b33db69077c'}, 'to': {'entityType': 'DEVICE', 'id': 'c5a6f520-9834-11f0-a2ce-9b3aa75b4ae1'}, 'type': 'Contains', 'typeGroup': 'COMMON', 'version': 876, 'fromName': None, 'toName': 'quạt trần', 'additionalInfo': None}, {'from': {'entityType': 'ASSET', 'id': '7e8b4110-5d69-11f0-9fdb-6b33db69077c'}, 'to': {'entityType': 'DEVICE', 'id': 'd37df870-984c-11f0-a2ce-9b3aa75b4ae1'}, 'type': 'Contains', 'typeGroup': 'COMMON', 'version': 882, 'fromName': None, 'toName': 'đèn trần to', 'additionalInfo': None}, {'from': {'entityType': 'ASSET', 'id': '7e8b4110-5d69-11f0-9fdb-6b33db69077c'}, 'to': {'entityType': 'DEVICE', 'id': '2b3dd690-a27d-11f0-8499-b36c44d0ac58'}, 'type': 'Contains', 'typeGroup': 'COMMON', 'version': 886, 'fromName': None, 'toName': 'đèn trần nhỏ', 'additionalInfo': None}]
2025-10-06 13:25:13,573 INFO     Found device ID: 2b3dd690-a27d-11f0-8499-b36c44d0ac58 for device đèn trần nhỏ
2025-10-06 13:25:13,615 INFO     Calling Vbee TTS API with text: Đã bật đèn trần nhỏ, bạn có cần hỗ trợ thêm không ?
2025-10-06 13:25:18,975 INFO     Cached audio for text: Đã bật đèn trần nhỏ, bạn có cần hỗ trợ thêm không ?
2025-10-06 13:25:30,875 INFO     Fetching house info...
2025-10-06 13:25:30,886 INFO     Found house: 01857c80-5d69-11f0-9fdb-6b33db69077c
2025-10-06 13:25:30,886 INFO     Fetching room ID for room phòng khách in house 01857c80-5d69-11f0-9fdb-6b33db69077c...
2025-10-06 13:25:30,917 INFO     Raw rooms response: [{'from': {'entityType': 'ASSET', 'id': '01857c80-5d69-11f0-9fdb-6b33db69077c'}, 'to': {'entityType': 'ASSET', 'id': '7e8b4110-5d69-11f0-9fdb-6b33db69077c'}, 'type': 'Contains', 'typeGroup': 'COMMON', 'version': 522, 'fromName': None, 'toName': 'Phòng khách', 'additionalInfo': None}, {'from': {'entityType': 'ASSET', 'id': '01857c80-5d69-11f0-9fdb-6b33db69077c'}, 'to': {'entityType': 'ASSET', 'id': 'f378a5a0-67e4-11f0-9eb7-cf3e056d8392'}, 'type': 'Contains', 'typeGroup': 'COMMON', 'version': 665, 'fromName': None, 'toName': 'Phòng bếp', 'additionalInfo': None}, {'from': {'entityType': 'ASSET', 'id': '01857c80-5d69-11f0-9fdb-6b33db69077c'}, 'to': {'entityType': 'ASSET', 'id': '21486650-67e5-11f0-9eb7-cf3e056d8392'}, 'type': 'Contains', 'typeGroup': 'COMMON', 'version': 666, 'fromName': None, 'toName': 'Phòng ngủ', 'additionalInfo': None}]
2025-10-06 13:25:30,917 INFO     Found room ID: 7e8b4110-5d69-11f0-9fdb-6b33db69077c for room phòng khách
2025-10-06 13:25:30,917 INFO     Fetching device ID for device đèn trần nhỏ in room 7e8b4110-5d69-11f0-9fdb-6b33db69077c...
2025-10-06 13:25:30,947 INFO     Raw devices response: [{'from': {'entityType': 'ASSET', 'id': '7e8b4110-5d69-11f0-9fdb-6b33db69077c'}, 'to': {'entityType': 'DEVICE', 'id': '82aee140-951b-11f0-a2ce-9b3aa75b4ae1'}, 'type': 'Contains', 'typeGroup': 'COMMON', 'version': 855, 'fromName': None, 'toName': 'công tắc 4 nút', 'additionalInfo': None}, {'from': {'entityType': 'ASSET', 'id': '7e8b4110-5d69-11f0-9fdb-6b33db69077c'}, 'to': {'entityType': 'DEVICE', 'id': '6843faa0-953b-11f0-a2ce-9b3aa75b4ae1'}, 'type': 'Contains', 'typeGroup': 'COMMON', 'version': 872, 'fromName': None, 'toName': 'đèn led', 'additionalInfo': None}, {'from': {'entityType': 'ASSET', 'id': '7e8b4110-5d69-11f0-9fdb-6b33db69077c'}, 'to': {'entityType': 'DEVICE', 'id': 'c5a6f520-9834-11f0-a2ce-9b3aa75b4ae1'}, 'type': 'Contains', 'typeGroup': 'COMMON', 'version': 876, 'fromName': None, 'toName': 'quạt trần', 'additionalInfo': None}, {'from': {'entityType': 'ASSET', 'id': '7e8b4110-5d69-11f0-9fdb-6b33db69077c'}, 'to': {'entityType': 'DEVICE', 'id': 'd37df870-984c-11f0-a2ce-9b3aa75b4ae1'}, 'type': 'Contains', 'typeGroup': 'COMMON', 'version': 882, 'fromName': None, 'toName': 'đèn trần to', 'additionalInfo': None}, {'from': {'entityType': 'ASSET', 'id': '7e8b4110-5d69-11f0-9fdb-6b33db69077c'}, 'to': {'entityType': 'DEVICE', 'id': '2b3dd690-a27d-11f0-8499-b36c44d0ac58'}, 'type': 'Contains', 'typeGroup': 'COMMON', 'version': 886, 'fromName': None, 'toName': 'đèn trần nhỏ', 'additionalInfo': None}]
2025-10-06 13:25:30,947 INFO     Found device ID: 2b3dd690-a27d-11f0-8499-b36c44d0ac58 for device đèn trần nhỏ
2025-10-06 13:25:30,964 INFO     Calling Vbee TTS API with text: Đã chỉnh độ sáng đèn trần nhỏ còn 20, bạn có cần hỗ trợ thêm không ?
2025-10-06 13:25:37,443 INFO     Cached audio for text: Đã chỉnh độ sáng đèn trần nhỏ còn 20, bạn có cần hỗ trợ thêm không ?
2025-10-06 13:25:54,044 INFO     Fetching house info...
2025-10-06 13:25:54,058 INFO     Found house: 01857c80-5d69-11f0-9fdb-6b33db69077c
2025-10-06 13:25:54,058 INFO     Fetching room ID for room phòng khách in house 01857c80-5d69-11f0-9fdb-6b33db69077c...
2025-10-06 13:25:54,090 INFO     Raw rooms response: [{'from': {'entityType': 'ASSET', 'id': '01857c80-5d69-11f0-9fdb-6b33db69077c'}, 'to': {'entityType': 'ASSET', 'id': '7e8b4110-5d69-11f0-9fdb-6b33db69077c'}, 'type': 'Contains', 'typeGroup': 'COMMON', 'version': 522, 'fromName': None, 'toName': 'Phòng khách', 'additionalInfo': None}, {'from': {'entityType': 'ASSET', 'id': '01857c80-5d69-11f0-9fdb-6b33db69077c'}, 'to': {'entityType': 'ASSET', 'id': 'f378a5a0-67e4-11f0-9eb7-cf3e056d8392'}, 'type': 'Contains', 'typeGroup': 'COMMON', 'version': 665, 'fromName': None, 'toName': 'Phòng bếp', 'additionalInfo': None}, {'from': {'entityType': 'ASSET', 'id': '01857c80-5d69-11f0-9fdb-6b33db69077c'}, 'to': {'entityType': 'ASSET', 'id': '21486650-67e5-11f0-9eb7-cf3e056d8392'}, 'type': 'Contains', 'typeGroup': 'COMMON', 'version': 666, 'fromName': None, 'toName': 'Phòng ngủ', 'additionalInfo': None}]
2025-10-06 13:25:54,090 INFO     Found room ID: 7e8b4110-5d69-11f0-9fdb-6b33db69077c for room phòng khách
2025-10-06 13:25:54,090 INFO     Fetching device ID for device đèn trần nhỏ in room 7e8b4110-5d69-11f0-9fdb-6b33db69077c...
2025-10-06 13:25:54,110 INFO     Raw devices response: [{'from': {'entityType': 'ASSET', 'id': '7e8b4110-5d69-11f0-9fdb-6b33db69077c'}, 'to': {'entityType': 'DEVICE', 'id': '82aee140-951b-11f0-a2ce-9b3aa75b4ae1'}, 'type': 'Contains', 'typeGroup': 'COMMON', 'version': 855, 'fromName': None, 'toName': 'công tắc 4 nút', 'additionalInfo': None}, {'from': {'entityType': 'ASSET', 'id': '7e8b4110-5d69-11f0-9fdb-6b33db69077c'}, 'to': {'entityType': 'DEVICE', 'id': '6843faa0-953b-11f0-a2ce-9b3aa75b4ae1'}, 'type': 'Contains', 'typeGroup': 'COMMON', 'version': 872, 'fromName': None, 'toName': 'đèn led', 'additionalInfo': None}, {'from': {'entityType': 'ASSET', 'id': '7e8b4110-5d69-11f0-9fdb-6b33db69077c'}, 'to': {'entityType': 'DEVICE', 'id': 'c5a6f520-9834-11f0-a2ce-9b3aa75b4ae1'}, 'type': 'Contains', 'typeGroup': 'COMMON', 'version': 876, 'fromName': None, 'toName': 'quạt trần', 'additionalInfo': None}, {'from': {'entityType': 'ASSET', 'id': '7e8b4110-5d69-11f0-9fdb-6b33db69077c'}, 'to': {'entityType': 'DEVICE', 'id': 'd37df870-984c-11f0-a2ce-9b3aa75b4ae1'}, 'type': 'Contains', 'typeGroup': 'COMMON', 'version': 882, 'fromName': None, 'toName': 'đèn trần to', 'additionalInfo': None}, {'from': {'entityType': 'ASSET', 'id': '7e8b4110-5d69-11f0-9fdb-6b33db69077c'}, 'to': {'entityType': 'DEVICE', 'id': '2b3dd690-a27d-11f0-8499-b36c44d0ac58'}, 'type': 'Contains', 'typeGroup': 'COMMON', 'version': 886, 'fromName': None, 'toName': 'đèn trần nhỏ', 'additionalInfo': None}]
2025-10-06 13:25:54,110 INFO     Found device ID: 2b3dd690-a27d-11f0-8499-b36c44d0ac58 for device đèn trần nhỏ
2025-10-06 13:25:54,143 INFO     Calling Vbee TTS API with text: Đã tăng độ sáng đèn trần nhỏ còn 20, bạn có cần hỗ trợ thêm không ?
2025-10-06 13:26:00,466 INFO     Cached audio for text: Đã tăng độ sáng đèn trần nhỏ còn 20, bạn có cần hỗ trợ thêm không ?
2025-10-06 13:27:09,808 INFO     Calling Vbee TTS API with text: Vui lòng cung cấp độ sáng từ 0-100
2025-10-06 13:27:14,839 INFO     Cached audio for text: Vui lòng cung cấp độ sáng từ 0-100
2025-10-06 13:27:18,726 INFO     Calling Vbee TTS API with text: Vui lòng cung cấp số kênh từ 1 đến 100
2025-10-06 13:27:22,888 INFO     Cached audio for text: Vui lòng cung cấp số kênh từ 1 đến 100
2025-10-06 13:29:45,693 INFO     Received GET request for path: /audio/0eaa8529a1953c56995dd691d8ac0bbc.mp3
2025-10-06 13:29:45,693 INFO     Stripped file name: 0eaa8529a1953c56995dd691d8ac0bbc.mp3
2025-10-06 13:29:45,693 INFO     Resolved file path: /home/doduy/Desktop/bytehome_Code/emily_voice/rasa/actions/rasa/cache/0eaa8529a1953c56995dd691d8ac0bbc.mp3
2025-10-06 13:29:45,693 INFO     Serving file: /home/doduy/Desktop/bytehome_Code/emily_voice/rasa/actions/rasa/cache/0eaa8529a1953c56995dd691d8ac0bbc.mp3
2025-10-06 13:29:46,579 INFO     Received GET request for path: /favicon.ico
2025-10-06 13:29:46,579 INFO     Stripped file name: favicon.ico
2025-10-06 13:29:46,579 ERROR    Invalid file name: favicon.ico
