/home/bytehome/miniconda3/envs/rasa_env/lib/python3.10/site-packages/rasa/core/tracker_store.py:1044: MovedIn20Warning: Deprecated API features detected! These feature(s) are not compatible with SQLAlchemy 2.0. To prevent incompatible upgrades prior to updating applications, ensure requirements files are pinned to "sqlalchemy<2.0". Set environment variable SQLALCHEMY_WARN_20=1 to show all deprecation warnings.  Set environment variable SQLALCHEMY_SILENCE_UBER_WARNING=1 to silence this message. (Background on SQLAlchemy 2.0 at: https://sqlalche.me/e/b8d9)
  Base: DeclarativeMeta = declarative_base()
/home/bytehome/miniconda3/envs/rasa_env/lib/python3.10/site-packages/rasa/shared/utils/validation.py:134: DeprecationWarning: pkg_resources is deprecated as an API. See https://setuptools.pypa.io/en/latest/pkg_resources.html
  import pkg_resources
/home/bytehome/miniconda3/envs/rasa_env/lib/python3.10/site-packages/pkg_resources/__init__.py:3117: DeprecationWarning: Deprecated call to `pkg_resources.declare_namespace('mpl_toolkits')`.
Implementing implicit namespace packages (as specified in PEP 420) is preferred to `pkg_resources.declare_namespace`. See https://setuptools.pypa.io/en/latest/references/keywords.html#keyword-namespace-packages
  declare_namespace(pkg)
/home/bytehome/miniconda3/envs/rasa_env/lib/python3.10/site-packages/pkg_resources/__init__.py:3117: DeprecationWarning: Deprecated call to `pkg_resources.declare_namespace('ruamel')`.
Implementing implicit namespace packages (as specified in PEP 420) is preferred to `pkg_resources.declare_namespace`. See https://setuptools.pypa.io/en/latest/references/keywords.html#keyword-namespace-packages
  declare_namespace(pkg)
<frozen importlib._bootstrap>:283: DeprecationWarning: the load_module() method is deprecated and slated for removal in Python 3.12; use exec_module() instead
/home/bytehome/miniconda3/envs/rasa_env/lib/python3.10/site-packages/sanic_cors/extension.py:39: DeprecationWarning: distutils Version classes are deprecated. Use packaging.version instead.
  SANIC_VERSION = LooseVersion(sanic_version)
2025-08-26 21:02:25 DEBUG    h5py._conv  - Creating converter from 7 to 5
2025-08-26 21:02:25 DEBUG    h5py._conv  - Creating converter from 5 to 7
2025-08-26 21:02:25 DEBUG    h5py._conv  - Creating converter from 7 to 5
2025-08-26 21:02:25 DEBUG    h5py._conv  - Creating converter from 5 to 7
2025-08-26 21:02:26 DEBUG    jax._src.path  - etils.epath was not found. Using pathlib for file I/O.
/home/bytehome/miniconda3/envs/rasa_env/lib/python3.10/site-packages/tensorflow/lite/python/util.py:52: DeprecationWarning: jax.xla_computation is deprecated. Please use the AOT APIs.
  from jax import xla_computation as _xla_computation
<frozen importlib._bootstrap>:283: DeprecationWarning: the load_module() method is deprecated and slated for removal in Python 3.12; use exec_module() instead
2025-08-26 21:02:27 DEBUG    rasa.core.utils  - Available web server routes: 
/conversations/<conversation_id:path>/messages     POST                           add_message
/conversations/<conversation_id:path>/tracker/events POST                           append_events
/webhooks/rest                                     GET                            custom_webhook_RestInput.health
/webhooks/rest/webhook                             POST                           custom_webhook_RestInput.receive
/model/test/intents                                POST                           evaluate_intents
/model/test/stories                                POST                           evaluate_stories
/conversations/<conversation_id:path>/execute      POST                           execute_action
/domain                                            GET                            get_domain
/                                                  GET                            hello
/model                                             PUT                            load_model
/model/parse                                       POST                           parse
/conversations/<conversation_id:path>/predict      POST                           predict
/conversations/<conversation_id:path>/tracker/events PUT                            replace_events
/conversations/<conversation_id:path>/story        GET                            retrieve_story
/conversations/<conversation_id:path>/tracker      GET                            retrieve_tracker
/status                                            GET                            status
/model/predict                                     POST                           tracker_predict
/model/train                                       POST                           train
/conversations/<conversation_id:path>/trigger_intent POST                           trigger_intent
/model                                             DELETE                         unload_model
/version                                           GET                            version
2025-08-26 21:02:27 INFO     root  - Starting Rasa server on http://0.0.0.0:5005
2025-08-26 21:02:27 DEBUG    rasa.core.utils  - Using the default number of Sanic workers (1).
[93m/home/bytehome/miniconda3/envs/rasa_env/lib/python3.10/site-packages/rasa/shared/core/slot_mappings.py:224: UserWarning: Slot auto-fill has been removed in 3.0 and replaced with a new explicit mechanism to set slots. Please refer to https://rasa.com/docs/rasa/domain#slots to learn more.
  rasa.shared.utils.io.raise_warning(
[0m2025-08-26 21:02:27 DEBUG    rasa.telemetry  - Skipping telemetry reporting: no license hash found.
2025-08-26 21:02:27 DEBUG    rasa.core.tracker_store  - Connected to InMemoryTrackerStore.
2025-08-26 21:02:27 DEBUG    rasa.core.lock_store  - Connected to lock store 'InMemoryLockStore'.
2025-08-26 21:02:27 DEBUG    rasa.core.nlg.generator  - Instantiated NLG to 'TemplatedNaturalLanguageGenerator'.
2025-08-26 21:02:27 INFO     rasa.core.processor  - Loading model models/20250826-142826-dense-programming.tar.gz...
2025-08-26 21:02:28 DEBUG    rasa.engine.storage.local_model_storage  - Extracted model to '/tmp/tmpz60v65mk'.
2025-08-26 21:02:28 DEBUG    rasa.engine.graph  - Node 'nlu_message_converter' loading 'NLUMessageConverter.load' and kwargs: '{}'.
2025-08-26 21:02:28 DEBUG    rasa.engine.graph  - Node 'run_WhitespaceTokenizer0' loading 'WhitespaceTokenizer.load' and kwargs: '{}'.
2025-08-26 21:02:28 DEBUG    rasa.engine.graph  - Node 'run_RegexFeaturizer1' loading 'RegexFeaturizer.load' and kwargs: '{}'.
2025-08-26 21:02:28 DEBUG    rasa.engine.storage.local_model_storage  - Resource 'train_RegexFeaturizer1' was requested for reading.
2025-08-26 21:02:28 DEBUG    rasa.engine.graph  - Node 'run_LexicalSyntacticFeaturizer2' loading 'LexicalSyntacticFeaturizer.load' and kwargs: '{}'.
2025-08-26 21:02:28 DEBUG    rasa.engine.storage.local_model_storage  - Resource 'train_LexicalSyntacticFeaturizer2' was requested for reading.
2025-08-26 21:02:28 DEBUG    rasa.engine.graph  - Node 'run_CountVectorsFeaturizer3' loading 'CountVectorsFeaturizer.load' and kwargs: '{}'.
2025-08-26 21:02:28 DEBUG    rasa.engine.storage.local_model_storage  - Resource 'train_CountVectorsFeaturizer3' was requested for reading.
2025-08-26 21:02:28 DEBUG    rasa.engine.graph  - Node 'run_CountVectorsFeaturizer4' loading 'CountVectorsFeaturizer.load' and kwargs: '{}'.
2025-08-26 21:02:28 DEBUG    rasa.engine.storage.local_model_storage  - Resource 'train_CountVectorsFeaturizer4' was requested for reading.
2025-08-26 21:02:28 DEBUG    rasa.engine.graph  - Node 'run_DIETClassifier5' loading 'DIETClassifier.load' and kwargs: '{}'.
2025-08-26 21:02:28 DEBUG    rasa.engine.storage.local_model_storage  - Resource 'train_DIETClassifier5' was requested for reading.
2025-08-26 21:02:28 DEBUG    rasa.utils.tensorflow.models  - Loading the model from /tmp/tmp60uydq9j/train_DIETClassifier5/DIETClassifier.tf_model with finetune_mode=False...
2025-08-26 21:02:28.124834: E tensorflow/compiler/xla/stream_executor/cuda/cuda_driver.cc:266] failed call to cuInit: CUDA_ERROR_NO_DEVICE: no CUDA-capable device is detected
2025-08-26 21:02:28 DEBUG    rasa.nlu.classifiers.diet_classifier  - Following metrics will be logged during training: 
2025-08-26 21:02:28 DEBUG    rasa.nlu.classifiers.diet_classifier  -   t_loss (total loss)
2025-08-26 21:02:28 DEBUG    rasa.nlu.classifiers.diet_classifier  -   i_acc (intent acc)
2025-08-26 21:02:28 DEBUG    rasa.nlu.classifiers.diet_classifier  -   i_loss (intent loss)
2025-08-26 21:02:28 DEBUG    rasa.nlu.classifiers.diet_classifier  -   e_f1 (entity f1)
2025-08-26 21:02:28 DEBUG    rasa.nlu.classifiers.diet_classifier  -   e_loss (entity loss)
/home/bytehome/miniconda3/envs/rasa_env/lib/python3.10/random.py:370: DeprecationWarning: non-integer arguments to randrange() have been deprecated since Python 3.10 and will be removed in a subsequent version
  return self.randrange(a, b+1)
2025-08-26 21:03:00 DEBUG    rasa.utils.tensorflow.models  - Finished loading the model.
2025-08-26 21:03:00 DEBUG    rasa.engine.graph  - Node 'run_CRFEntityExtractor6' loading 'CRFEntityExtractor.load' and kwargs: '{}'.
2025-08-26 21:03:00 DEBUG    rasa.engine.storage.local_model_storage  - Resource 'train_CRFEntityExtractor6' was requested for reading.
2025-08-26 21:03:00 DEBUG    rasa.nlu.extractors.crf_entity_extractor  - Training CRF for 'entity'.
2025-08-26 21:03:00 DEBUG    rasa.nlu.extractors.crf_entity_extractor  - Training finished.
2025-08-26 21:03:00 DEBUG    rasa.engine.graph  - Node 'run_EntitySynonymMapper7' loading 'EntitySynonymMapper.load' and kwargs: '{}'.
2025-08-26 21:03:00 DEBUG    rasa.engine.storage.local_model_storage  - Resource 'train_EntitySynonymMapper7' was requested for reading.
2025-08-26 21:03:00 DEBUG    rasa.engine.graph  - Node 'run_ResponseSelector8' loading 'ResponseSelector.load' and kwargs: '{}'.
2025-08-26 21:03:00 DEBUG    rasa.engine.storage.local_model_storage  - Resource 'train_ResponseSelector8' was requested for reading.
2025-08-26 21:03:00 DEBUG    rasa.nlu.classifiers.diet_classifier  - Failed to load ABCMeta from model storage. Resource 'train_ResponseSelector8' doesn't exist.
2025-08-26 21:03:00 DEBUG    rasa.engine.storage.local_model_storage  - Resource 'train_ResponseSelector8' was requested for reading.
2025-08-26 21:03:00 DEBUG    rasa.nlu.selectors.response_selector  - Failed to load ResponseSelector from model storage. Resource 'train_ResponseSelector8' doesn't exist.
2025-08-26 21:03:00 DEBUG    rasa.engine.graph  - Node 'run_FallbackClassifier9' loading 'FallbackClassifier.load' and kwargs: '{}'.
2025-08-26 21:03:00 DEBUG    rasa.engine.graph  - Node 'run_RegexMessageHandler' loading 'RegexMessageHandler.load' and kwargs: '{}'.
2025-08-26 21:03:00 DEBUG    rasa.engine.graph  - Node 'domain_provider' loading 'DomainProvider.load' and kwargs: '{}'.
2025-08-26 21:03:00 DEBUG    rasa.engine.storage.local_model_storage  - Resource 'domain_provider' was requested for reading.
2025-08-26 21:03:00 DEBUG    rasa.engine.graph  - Node 'run_MemoizationPolicy0' loading 'MemoizationPolicy.load' and kwargs: '{}'.
2025-08-26 21:03:00 DEBUG    rasa.engine.storage.local_model_storage  - Resource 'train_MemoizationPolicy0' was requested for reading.
2025-08-26 21:03:00 DEBUG    rasa.engine.graph  - Node 'run_RulePolicy1' loading 'RulePolicy.load' and kwargs: '{}'.
2025-08-26 21:03:00 DEBUG    rasa.engine.storage.local_model_storage  - Resource 'train_RulePolicy1' was requested for reading.
2025-08-26 21:03:00 DEBUG    rasa.engine.graph  - Node 'run_UnexpecTEDIntentPolicy2' loading 'UnexpecTEDIntentPolicy.load' and kwargs: '{}'.
2025-08-26 21:03:00 DEBUG    rasa.engine.storage.local_model_storage  - Resource 'train_UnexpecTEDIntentPolicy2' was requested for reading.
2025-08-26 21:03:00 DEBUG    rasa.utils.tensorflow.models  - Loading the model from /tmp/tmp60uydq9j/train_UnexpecTEDIntentPolicy2/unexpected_intent_policy.tf_model with finetune_mode=False...
2025-08-26 21:03:12 DEBUG    rasa.core.policies.ted_policy  - Failed to load ABCMeta from model storage. Resource 'train_UnexpecTEDIntentPolicy2' doesn't exist.
2025-08-26 21:03:12 WARNING  rasa.shared.utils.common  - The UnexpecTED Intent Policy is currently experimental and might change or be removed in the future 🔬 Please share your feedback on it in the forum (https://forum.rasa.com) to help us make this feature ready for production.
2025-08-26 21:03:12 DEBUG    rasa.engine.graph  - Node 'rule_only_data_provider' loading 'RuleOnlyDataProvider.load' and kwargs: '{}'.
2025-08-26 21:03:12 DEBUG    rasa.engine.storage.local_model_storage  - Resource 'train_RulePolicy1' was requested for reading.
2025-08-26 21:03:12 DEBUG    rasa.engine.graph  - Node 'select_prediction' loading 'DefaultPolicyPredictionEnsemble.load' and kwargs: '{}'.
2025-08-26 21:03:12 INFO     root  - Rasa server is up and running.
2025-08-26 21:03:12 INFO     root  - Enabling coroutine debugging. Loop id 667079040.
2025-08-26 21:03:13 DEBUG    rasa.core.lock_store  - Issuing ticket for conversation 'user'.
2025-08-26 21:03:13 DEBUG    rasa.core.lock_store  - Acquiring lock for conversation 'user'.
2025-08-26 21:03:13 DEBUG    rasa.core.lock_store  - Acquired lock for conversation 'user'.
2025-08-26 21:03:13 DEBUG    rasa.core.tracker_store  - Could not find tracker for conversation ID 'user'.
2025-08-26 21:03:13 DEBUG    rasa.core.tracker_store  - No event broker configured. Skipping streaming events.
2025-08-26 21:03:13 DEBUG    rasa.core.processor  - Starting a new session for conversation ID 'user'.
2025-08-26 21:03:13 DEBUG    rasa.core.processor  - {"prediction_events": [], "event": "processor.actions.policy_prediction", "level": "debug"}
2025-08-26 21:03:13 DEBUG    rasa.core.processor  - {"action_name": "action_session_start", "rasa_events": ["<rasa.shared.core.events.SessionStarted object at 0x71c8d028a500>", "ActionExecuted(action: action_listen, policy: None, confidence: None)"], "event": "processor.actions.log", "level": "debug"}
2025-08-26 21:03:13 DEBUG    rasa.core.processor  - {"slot_values": "\tuser_name: None\n\troom: None\n\tdevice: None\n\tbrightness: None\n\tfan_speed: None\n\ttv_channel: None\n\ttv_volume: None\n\tac_temperature: None\n\tac_mode: None\n\ttimer: None\n\tcolor: None\n\ttoken: None\n\thouse: None\n\tdevice_id: None\n\tsession_started_metadata: None", "event": "processor.slots.log", "level": "debug"}
2025-08-26 21:03:13 DEBUG    rasa.engine.runner.dask  - Running graph with inputs: {'__message__': [<rasa.core.channels.channel.UserMessage object at 0x71c8bbe62ef0>], '__tracker__': <rasa.shared.core.trackers.DialogueStateTracker object at 0x71c8e804a830>}, targets: ['run_RegexMessageHandler'] and ExecutionContext(model_id='af55f35f0a7843e19e4d777182565809', should_add_diagnostic_data=False, is_finetuning=False, node_name=None).
2025-08-26 21:03:13 DEBUG    rasa.engine.graph  - Node 'nlu_message_converter' running 'NLUMessageConverter.convert_user_message'.
2025-08-26 21:03:13 DEBUG    rasa.engine.graph  - Node 'run_WhitespaceTokenizer0' running 'WhitespaceTokenizer.process'.
2025-08-26 21:03:13 DEBUG    rasa.engine.graph  - Node 'run_RegexFeaturizer1' running 'RegexFeaturizer.process'.
2025-08-26 21:03:13 DEBUG    rasa.engine.graph  - Node 'run_LexicalSyntacticFeaturizer2' running 'LexicalSyntacticFeaturizer.process'.
2025-08-26 21:03:13 DEBUG    rasa.engine.graph  - Node 'run_CountVectorsFeaturizer3' running 'CountVectorsFeaturizer.process'.
2025-08-26 21:03:13 DEBUG    rasa.engine.graph  - Node 'run_CountVectorsFeaturizer4' running 'CountVectorsFeaturizer.process'.
2025-08-26 21:03:13 DEBUG    rasa.engine.graph  - Node 'run_DIETClassifier5' running 'DIETClassifier.process'.
2025-08-26 21:03:13 DEBUG    rasa.engine.graph  - Node 'run_CRFEntityExtractor6' running 'CRFEntityExtractor.process'.
2025-08-26 21:03:13 DEBUG    rasa.engine.graph  - Node 'run_EntitySynonymMapper7' running 'EntitySynonymMapper.process'.
2025-08-26 21:03:13 DEBUG    rasa.engine.graph  - Node 'run_ResponseSelector8' running 'ResponseSelector.process'.
2025-08-26 21:03:13 DEBUG    rasa.nlu.classifiers.diet_classifier  - There is no trained model for 'ResponseSelector': The component is either not trained or didn't receive enough training data.
2025-08-26 21:03:13 DEBUG    rasa.nlu.selectors.response_selector  - Adding following selector key to message property: default
2025-08-26 21:03:13 DEBUG    rasa.engine.graph  - Node 'run_FallbackClassifier9' running 'FallbackClassifier.process'.
2025-08-26 21:03:13 DEBUG    rasa.engine.graph  - Node 'domain_provider' running 'DomainProvider.provide_inference'.
2025-08-26 21:03:13 DEBUG    rasa.engine.graph  - Node 'run_RegexMessageHandler' running 'RegexMessageHandler.process'.
2025-08-26 21:03:13 DEBUG    rasa.core.processor  - {"parse_data_text": "Xin ch\u00e0o", "parse_data_intent": {"name": "greet", "confidence": 0.9779532551765442}, "parse_data_entities": [], "event": "processor.message.parse", "level": "debug"}
2025-08-26 21:03:13 DEBUG    rasa.core.processor  - Logged UserUtterance - tracker now has 4 events.
2025-08-26 21:03:13 DEBUG    rasa.core.actions.action  - Validating extracted slots: 
2025-08-26 21:03:13 DEBUG    rasa.core.processor  - {"action_extract_slot": "action_extract_slots", "len_extraction_events": 0, "rasa_events": [], "event": "processor.extract.slots", "level": "debug"}
2025-08-26 21:03:13 DEBUG    rasa.engine.runner.dask  - Running graph with inputs: {'__tracker__': <rasa.shared.core.trackers.DialogueStateTracker object at 0x71c8e804a830>}, targets: ['select_prediction'] and ExecutionContext(model_id='af55f35f0a7843e19e4d777182565809', should_add_diagnostic_data=False, is_finetuning=False, node_name=None).
2025-08-26 21:03:13 DEBUG    rasa.engine.graph  - Node 'rule_only_data_provider' running 'RuleOnlyDataProvider.provide'.
2025-08-26 21:03:13 DEBUG    rasa.engine.graph  - Node 'domain_provider' running 'DomainProvider.provide_inference'.
2025-08-26 21:03:13 DEBUG    rasa.engine.graph  - Node 'run_MemoizationPolicy0' running 'MemoizationPolicy.predict_action_probabilities'.
2025-08-26 21:03:13 DEBUG    rasa.core.policies.memoization  - {"tracker_states": [{}, {"user": {"intent": "greet"}, "prev_action": {"action_name": "action_listen"}}], "event": "memoization.predict.actions", "level": "debug"}
2025-08-26 21:03:13 DEBUG    rasa.core.policies.memoization  - There is a memorised next action 'action_greet'
2025-08-26 21:03:13 DEBUG    rasa.engine.graph  - Node 'run_RulePolicy1' running 'RulePolicy.predict_action_probabilities'.
2025-08-26 21:03:13 DEBUG    rasa.core.policies.rule_policy  - {"current_states": "\n[state 1] user text: Xin ch\u00e0o | previous action name: action_listen", "event": "rule_policy.actions.find", "level": "debug"}
2025-08-26 21:03:13 DEBUG    rasa.core.policies.rule_policy  - There is no applicable rule.
2025-08-26 21:03:13 DEBUG    rasa.core.policies.rule_policy  - {"current_states": "\n[state 1] user intent: greet | previous action name: action_listen", "event": "rule_policy.actions.find", "level": "debug"}
2025-08-26 21:03:13 DEBUG    rasa.core.policies.rule_policy  - There is a rule for the next action 'action_greet'.
2025-08-26 21:03:13 DEBUG    rasa.engine.graph  - Node 'run_UnexpecTEDIntentPolicy2' running 'UnexpecTEDIntentPolicy.predict_action_probabilities'.
2025-08-26 21:03:13 DEBUG    rasa.engine.graph  - Node 'select_prediction' running 'DefaultPolicyPredictionEnsemble.combine_predictions_from_kwargs'.
2025-08-26 21:03:13 DEBUG    rasa.core.policies.ensemble  - Made prediction using user intent.
2025-08-26 21:03:13 DEBUG    rasa.core.policies.ensemble  - Added `DefinePrevUserUtteredFeaturization(False)` event.
2025-08-26 21:03:13 DEBUG    rasa.core.policies.ensemble  - Predicted next action using RulePolicy.
2025-08-26 21:03:13 DEBUG    rasa.core.processor  - Predicted next action 'action_greet' with confidence 1.00.
2025-08-26 21:03:13 DEBUG    rasa.core.actions.action  - Calling action endpoint to run action 'action_greet'.
2025-08-26 21:03:13 DEBUG    rasa.core.processor  - {"prediction_events": ["<rasa.shared.core.events.DefinePrevUserUtteredFeaturization object at 0x71c8b91320b0>"], "event": "processor.actions.policy_prediction", "level": "debug"}
2025-08-26 21:03:13 DEBUG    rasa.core.processor  - {"action_name": "action_greet", "rasa_events": ["BotUttered('Xin ch\u00e0o, t\u00f4i l\u00e0 Emily, t\u00f4i r\u1ea5t vui \u0111\u01b0\u1ee3c l\u00e0m quen v\u00e0 h\u1ed7 tr\u1ee3 b\u1ea1n', {\"elements\": null, \"quick_replies\": null, \"buttons\": null, \"attachment\": null, \"image\": null, \"custom\": null}, {}, 1756216993.7859466)"], "event": "processor.actions.log", "level": "debug"}
2025-08-26 21:03:13 DEBUG    rasa.core.processor  - {"slot_values": "\tuser_name: None\n\troom: None\n\tdevice: None\n\tbrightness: None\n\tfan_speed: None\n\ttv_channel: None\n\ttv_volume: None\n\tac_temperature: None\n\tac_mode: None\n\ttimer: None\n\tcolor: None\n\ttoken: None\n\thouse: None\n\tdevice_id: None\n\tsession_started_metadata: None", "event": "processor.slots.log", "level": "debug"}
2025-08-26 21:03:13 DEBUG    rasa.engine.runner.dask  - Running graph with inputs: {'__tracker__': <rasa.shared.core.trackers.DialogueStateTracker object at 0x71c8e804a830>}, targets: ['select_prediction'] and ExecutionContext(model_id='af55f35f0a7843e19e4d777182565809', should_add_diagnostic_data=False, is_finetuning=False, node_name=None).
2025-08-26 21:03:13 DEBUG    rasa.engine.graph  - Node 'rule_only_data_provider' running 'RuleOnlyDataProvider.provide'.
2025-08-26 21:03:13 DEBUG    rasa.engine.graph  - Node 'domain_provider' running 'DomainProvider.provide_inference'.
2025-08-26 21:03:13 DEBUG    rasa.engine.graph  - Node 'run_MemoizationPolicy0' running 'MemoizationPolicy.predict_action_probabilities'.
2025-08-26 21:03:13 DEBUG    rasa.core.policies.memoization  - {"tracker_states": [{}, {"user": {"intent": "greet"}, "prev_action": {"action_name": "action_listen"}}, {"user": {"intent": "greet"}, "prev_action": {"action_name": "action_greet"}}], "event": "memoization.predict.actions", "level": "debug"}
2025-08-26 21:03:13 DEBUG    rasa.core.policies.memoization  - There is a memorised next action 'action_listen'
2025-08-26 21:03:13 DEBUG    rasa.engine.graph  - Node 'run_RulePolicy1' running 'RulePolicy.predict_action_probabilities'.
2025-08-26 21:03:13 DEBUG    rasa.core.policies.rule_policy  - {"current_states": "\n[state 1] user intent: greet | previous action name: action_listen\n[state 2] user intent: greet | previous action name: action_greet", "event": "rule_policy.actions.find", "level": "debug"}
2025-08-26 21:03:13 DEBUG    rasa.core.policies.rule_policy  - There is a rule for the next action 'action_listen'.
2025-08-26 21:03:13 DEBUG    rasa.engine.graph  - Node 'run_UnexpecTEDIntentPolicy2' running 'UnexpecTEDIntentPolicy.predict_action_probabilities'.
2025-08-26 21:03:13 DEBUG    rasa.engine.graph  - Node 'select_prediction' running 'DefaultPolicyPredictionEnsemble.combine_predictions_from_kwargs'.
2025-08-26 21:03:13 DEBUG    rasa.core.policies.ensemble  - Predicted next action using RulePolicy.
2025-08-26 21:03:13 DEBUG    rasa.core.processor  - Predicted next action 'action_listen' with confidence 1.00.
2025-08-26 21:03:13 DEBUG    rasa.core.processor  - {"prediction_events": [], "event": "processor.actions.policy_prediction", "level": "debug"}
2025-08-26 21:03:13 DEBUG    rasa.core.processor  - {"action_name": "action_listen", "rasa_events": [], "event": "processor.actions.log", "level": "debug"}
2025-08-26 21:03:13 DEBUG    rasa.core.tracker_store  - No event broker configured. Skipping streaming events.
2025-08-26 21:03:13 DEBUG    rasa.core.lock_store  - Deleted lock for conversation 'user'.
